<?xml version="1.0" encoding="UTF-8"?>
<!-- Generated by org.testng.reporters.JUnitReportReporter -->
<testsuite hostname="DESKTOP-GS919VB" failures="0" tests="2" name="SeleniumMethods.Groupsexamples" time="0.007" errors="0" timestamp="2023-10-18T07:30:45 IST" skipped="0">
  <testcase classname="SeleniumMethods.Groupsexamples" name="breakfast" time="0.006"/>
  <testcase classname="SeleniumMethods.Groupsexamples" name="lunch" time="0.001"/>
</testsuite> <!-- SeleniumMethods.Groupsexamples -->
