<?xml version="1.0" encoding="UTF-8"?>
<!-- Generated by org.testng.reporters.JUnitReportReporter -->
<testsuite hostname="DESKTOP-GS919VB" failures="0" tests="4" name="SeleniumMethods.TestNGexample" time="0.009" errors="0" timestamp="2023-10-17T09:23:16 IST" skipped="1">
  <testcase classname="SeleniumMethods.TestNGexample" name="breakfast" time="0.005"/>
  <testcase classname="SeleniumMethods.TestNGexample" name="lunch" time="0.003"/>
  <testcase classname="SeleniumMethods.TestNGexample" name="dinner" time="0.001"/>
  <testcase classname="SeleniumMethods.TestNGexample" name="snaks">
    <skipped/>
  </testcase> <!-- snaks -->
</testsuite> <!-- SeleniumMethods.TestNGexample -->
