<?xml version="1.0" encoding="UTF-8"?>
<!-- Generated by org.testng.reporters.JUnitReportReporter -->
<testsuite hostname="DESKTOP-GS919VB" failures="0" tests="4" name="SeleniumMethods.TestNGassignment" time="0.034" errors="0" timestamp="2023-10-17T09:52:25 IST" skipped="0">
  <testcase classname="SeleniumMethods.TestNGassignment" name="cloths" time="0.009"/>
  <testcase classname="SeleniumMethods.TestNGassignment" name="homeneeds" time="0.002"/>
  <testcase classname="SeleniumMethods.TestNGassignment" name="Mobiles" time="0.010"/>
  <testcase classname="SeleniumMethods.TestNGassignment" name="electronic" time="0.013"/>
</testsuite> <!-- SeleniumMethods.TestNGassignment -->
